<?xml version="1.0" encoding="UTF-8"?>
<!-- Generated by org.testng.reporters.JUnitReportReporter -->
<testsuite skipped="0" hostname="MYSHEC125397L" name="TestDemos.POMTestCase" tests="1" failures="0" timestamp="03 Jun 2020 10:54:11 GMT" time="1.867" errors="0">
  <testcase name="LoginTestCase" time="1.867" classname="TestDemos.POMTestCase"/>
</testsuite> <!-- TestDemos.POMTestCase -->
