<?xml version="1.0" encoding="UTF-8"?>
<!-- Generated by org.testng.reporters.JUnitReportReporter -->
<testsuite skipped="0" hostname="MYSHEC125397L" name="TestDemos.DataProviderDemo" tests="6" failures="0" timestamp="03 Jun 2020 09:53:05 GMT" time="0.054" errors="0">
  <testcase name="parametrizedTestCase" time="0.019" classname="TestDemos.DataProviderDemo"/>
  <testcase name="parametrizedTestCase" time="0.004" classname="TestDemos.DataProviderDemo"/>
  <testcase name="parametrizedTestCase" time="0.005" classname="TestDemos.DataProviderDemo"/>
  <testcase name="parametrizedTestCase" time="0.003" classname="TestDemos.DataProviderDemo"/>
  <testcase name="parametrizedTestCase" time="0.006" classname="TestDemos.DataProviderDemo"/>
  <testcase name="f" time="0.017" classname="TestDemos.DataProviderDemo"/>
</testsuite> <!-- TestDemos.DataProviderDemo -->
